<?xml version="1.0" encoding="UTF-8"?>
<!-- Generated by org.testng.reporters.JUnitReportReporter -->
<testsuite hostname="LAPTOP-QH7Q07D6" failures="0" tests="3" name="cross_browser.verify_title" time="36.080" errors="0" timestamp="2023-03-14T12:37:01 IST" skipped="0">
  <testcase classname="cross_browser.verify_title" name="verifypagetitle" time="14.685"/>
  <system-out/>
  <testcase classname="cross_browser.verify_title" name="verifypagetitle" time="10.111"/>
  <system-out/>
  <testcase classname="cross_browser.verify_title" name="verifypagetitle" time="11.284"/>
  <system-out/>
</testsuite> <!-- cross_browser.verify_title -->
